# JRE version: OpenJDK Runtime Environment Temurin-17.0.11+9 (17.0.11+9) (build 17.0.11+9)
# Java VM: OpenJDK 64-Bit Server VM Temurin-17.0.11+9 (17.0.11+9, mixed mode, tiered, compressed oops, compressed class ptrs, parallel gc, windows-amd64)
GC Precious Log:
 CPUs: 4 total, 4 available
 Memory: 15783M
 Large Page Support: Disabled
 NUMA Support: Disabled
 Compressed Oops: Enabled (32-bit)
 Alignments: Space 512K, Generation 512K, Heap 2M
 Heap Min Capacity: 100M
 Heap Initial Capacity: 100M
 Heap Max Capacity: 1G
 Pre-touch: Disabled
 Parallel Workers: 4
Heap:
 PSYoungGen      total 23040K, used 15680K [0x00000000eab00000, 0x00000000ec580000, 0x0000000100000000)
  eden space 22016K, 66% used [0x00000000eab00000,0x00000000eb952438,0x00000000ec080000)
  from space 1024K, 99% used [0x00000000ec380000,0x00000000ec47dbd8,0x00000000ec480000)
  to   space 1024K, 0% used [0x00000000ec480000,0x00000000ec480000,0x00000000ec580000)
 ParOldGen       total 68608K, used 19910K [0x00000000c0000000, 0x00000000c4300000, 0x00000000eab00000)
  object space 68608K, 29% used [0x00000000c0000000,0x00000000c1371880,0x00000000c4300000)
 Metaspace       used 51923K, committed 52928K, reserved 1114112K
  class space    used 5579K, committed 6016K, reserved 1048576K
GC Heap History (20 events):
Event: 8.958 GC heap before
{Heap before GC invocations=10 (full 1):
 PSYoungGen      total 26624K, used 26596K [0x00000000eab00000, 0x00000000eca00000, 0x0000000100000000)
  eden space 24064K, 100% used [0x00000000eab00000,0x00000000ec280000,0x00000000ec280000)
  from space 2560K, 98% used [0x00000000ec780000,0x00000000ec9f93f8,0x00000000eca00000)
  to   space 3584K, 0% used [0x00000000ec300000,0x00000000ec300000,0x00000000ec680000)
 ParOldGen       total 68608K, used 11442K [0x00000000c0000000, 0x00000000c4300000, 0x00000000eab00000)
  object space 68608K, 16% used [0x00000000c0000000,0x00000000c0b2cad0,0x00000000c4300000)
 Metaspace       used 33005K, committed 33728K, reserved 1114112K
  class space    used 3228K, committed 3520K, reserved 1048576K
}
Event: 8.962 GC heap after
{Heap after GC invocations=10 (full 1):
 PSYoungGen      total 27136K, used 3356K [0x00000000eab00000, 0x00000000ec900000, 0x0000000100000000)
  eden space 23552K, 0% used [0x00000000eab00000,0x00000000eab00000,0x00000000ec200000)
  from space 3584K, 93% used [0x00000000ec300000,0x00000000ec647058,0x00000000ec680000)
  to   space 2560K, 0% used [0x00000000ec680000,0x00000000ec680000,0x00000000ec900000)
 ParOldGen       total 68608K, used 12799K [0x00000000c0000000, 0x00000000c4300000, 0x00000000eab00000)
  object space 68608K, 18% used [0x00000000c0000000,0x00000000c0c7fec8,0x00000000c4300000)
 Metaspace       used 33005K, committed 33728K, reserved 1114112K
  class space    used 3228K, committed 3520K, reserved 1048576K
}
Event: 9.217 GC heap before
{Heap before GC invocations=11 (full 1):
 PSYoungGen      total 27136K, used 26905K [0x00000000eab00000, 0x00000000ec900000, 0x0000000100000000)
  eden space 23552K, 99% used [0x00000000eab00000,0x00000000ec1ff4a8,0x00000000ec200000)
  from space 3584K, 93% used [0x00000000ec300000,0x00000000ec647058,0x00000000ec680000)
  to   space 2560K, 0% used [0x00000000ec680000,0x00000000ec680000,0x00000000ec900000)
 ParOldGen       total 68608K, used 12799K [0x00000000c0000000, 0x00000000c4300000, 0x00000000eab00000)
  object space 68608K, 18% used [0x00000000c0000000,0x00000000c0c7fec8,0x00000000c4300000)
 Metaspace       used 34547K, committed 35264K, reserved 1114112K
  class space    used 3401K, committed 3712K, reserved 1048576K
}
Event: 9.220 GC heap after
{Heap after GC invocations=11 (full 1):
 PSYoungGen      total 24576K, used 1457K [0x00000000eab00000, 0x00000000ec800000, 0x0000000100000000)
  eden space 23040K, 0% used [0x00000000eab00000,0x00000000eab00000,0x00000000ec180000)
  from space 1536K, 94% used [0x00000000ec680000,0x00000000ec7ec658,0x00000000ec800000)
  to   space 2560K, 0% used [0x00000000ec300000,0x00000000ec300000,0x00000000ec580000)
 ParOldGen       total 68608K, used 14782K [0x00000000c0000000, 0x00000000c4300000, 0x00000000eab00000)
  object space 68608K, 21% used [0x00000000c0000000,0x00000000c0e6fb08,0x00000000c4300000)
 Metaspace       used 34547K, committed 35264K, reserved 1114112K
  class space    used 3401K, committed 3712K, reserved 1048576K
}
Event: 9.286 GC heap before
{Heap before GC invocations=12 (full 1):
 PSYoungGen      total 24576K, used 4873K [0x00000000eab00000, 0x00000000ec800000, 0x0000000100000000)
  eden space 23040K, 14% used [0x00000000eab00000,0x00000000eae56050,0x00000000ec180000)
  from space 1536K, 94% used [0x00000000ec680000,0x00000000ec7ec658,0x00000000ec800000)
  to   space 2560K, 0% used [0x00000000ec300000,0x00000000ec300000,0x00000000ec580000)
 ParOldGen       total 68608K, used 14782K [0x00000000c0000000, 0x00000000c4300000, 0x00000000eab00000)
  object space 68608K, 21% used [0x00000000c0000000,0x00000000c0e6fb08,0x00000000c4300000)
 Metaspace       used 35121K, committed 35840K, reserved 1114112K
  class space    used 3469K, committed 3776K, reserved 1048576K
}
Event: 9.288 GC heap after
{Heap after GC invocations=12 (full 1):
 PSYoungGen      total 25600K, used 256K [0x00000000eab00000, 0x00000000ec700000, 0x0000000100000000)
  eden space 23040K, 0% used [0x00000000eab00000,0x00000000eab00000,0x00000000ec180000)
  from space 2560K, 10% used [0x00000000ec300000,0x00000000ec340000,0x00000000ec580000)
  to   space 1024K, 0% used [0x00000000ec600000,0x00000000ec600000,0x00000000ec700000)
 ParOldGen       total 68608K, used 16232K [0x00000000c0000000, 0x00000000c4300000, 0x00000000eab00000)
  object space 68608K, 23% used [0x00000000c0000000,0x00000000c0fda0f0,0x00000000c4300000)
 Metaspace       used 35121K, committed 35840K, reserved 1114112K
  class space    used 3469K, committed 3776K, reserved 1048576K
}
Event: 9.288 GC heap before
{Heap before GC invocations=13 (full 2):
 PSYoungGen      total 25600K, used 256K [0x00000000eab00000, 0x00000000ec700000, 0x0000000100000000)
  eden space 23040K, 0% used [0x00000000eab00000,0x00000000eab00000,0x00000000ec180000)
  from space 2560K, 10% used [0x00000000ec300000,0x00000000ec340000,0x00000000ec580000)
  to   space 1024K, 0% used [0x00000000ec600000,0x00000000ec600000,0x00000000ec700000)
 ParOldGen       total 68608K, used 16232K [0x00000000c0000000, 0x00000000c4300000, 0x00000000eab00000)
  object space 68608K, 23% used [0x00000000c0000000,0x00000000c0fda0f0,0x00000000c4300000)
 Metaspace       used 35121K, committed 35840K, reserved 1114112K
  class space    used 3469K, committed 3776K, reserved 1048576K
}
Event: 9.337 GC heap after
{Heap after GC invocations=13 (full 2):
 PSYoungGen      total 25600K, used 0K [0x00000000eab00000, 0x00000000ec700000, 0x0000000100000000)
  eden space 23040K, 0% used [0x00000000eab00000,0x00000000eab00000,0x00000000ec180000)
  from space 2560K, 0% used [0x00000000ec300000,0x00000000ec300000,0x00000000ec580000)
  to   space 1024K, 0% used [0x00000000ec600000,0x00000000ec600000,0x00000000ec700000)
 ParOldGen       total 68608K, used 14872K [0x00000000c0000000, 0x00000000c4300000, 0x00000000eab00000)
  object space 68608K, 21% used [0x00000000c0000000,0x00000000c0e86228,0x00000000c4300000)
 Metaspace       used 35108K, committed 35840K, reserved 1114112K
  class space    used 3465K, committed 3776K, reserved 1048576K
}
Event: 10.255 GC heap before
{Heap before GC invocations=14 (full 2):
 PSYoungGen      total 25600K, used 23040K [0x00000000eab00000, 0x00000000ec700000, 0x0000000100000000)
  eden space 23040K, 100% used [0x00000000eab00000,0x00000000ec180000,0x00000000ec180000)
  from space 2560K, 0% used [0x00000000ec300000,0x00000000ec300000,0x00000000ec580000)
  to   space 1024K, 0% used [0x00000000ec600000,0x00000000ec600000,0x00000000ec700000)
 ParOldGen       total 68608K, used 14872K [0x00000000c0000000, 0x00000000c4300000, 0x00000000eab00000)
  object space 68608K, 21% used [0x00000000c0000000,0x00000000c0e86228,0x00000000c4300000)
 Metaspace       used 37476K, committed 38272K, reserved 1114112K
  class space    used 3784K, committed 4096K, reserved 1048576K
}
Event: 10.257 GC heap after
{Heap after GC invocations=14 (full 2):
 PSYoungGen      total 23552K, used 1011K [0x00000000eab00000, 0x00000000ec700000, 0x0000000100000000)
  eden space 22528K, 0% used [0x00000000eab00000,0x00000000eab00000,0x00000000ec100000)
  from space 1024K, 98% used [0x00000000ec600000,0x00000000ec6fcfd0,0x00000000ec700000)
  to   space 1536K, 0% used [0x00000000ec400000,0x00000000ec400000,0x00000000ec580000)
 ParOldGen       total 68608K, used 14880K [0x00000000c0000000, 0x00000000c4300000, 0x00000000eab00000)
  object space 68608K, 21% used [0x00000000c0000000,0x00000000c0e88228,0x00000000c4300000)
 Metaspace       used 37476K, committed 38272K, reserved 1114112K
  class space    used 3784K, committed 4096K, reserved 1048576K
}
Event: 10.734 GC heap before
{Heap before GC invocations=15 (full 2):
 PSYoungGen      total 23552K, used 23539K [0x00000000eab00000, 0x00000000ec700000, 0x0000000100000000)
  eden space 22528K, 100% used [0x00000000eab00000,0x00000000ec100000,0x00000000ec100000)
  from space 1024K, 98% used [0x00000000ec600000,0x00000000ec6fcfd0,0x00000000ec700000)
  to   space 1536K, 0% used [0x00000000ec400000,0x00000000ec400000,0x00000000ec580000)
 ParOldGen       total 68608K, used 14880K [0x00000000c0000000, 0x00000000c4300000, 0x00000000eab00000)
  object space 68608K, 21% used [0x00000000c0000000,0x00000000c0e88228,0x00000000c4300000)
 Metaspace       used 39926K, committed 40768K, reserved 1114112K
  class space    used 4092K, committed 4416K, reserved 1048576K
}
Event: 10.737 GC heap after
{Heap after GC invocations=15 (full 2):
 PSYoungGen      total 23552K, used 800K [0x00000000eab00000, 0x00000000ec680000, 0x0000000100000000)
  eden space 22016K, 0% used [0x00000000eab00000,0x00000000eab00000,0x00000000ec080000)
  from space 1536K, 52% used [0x00000000ec400000,0x00000000ec4c8000,0x00000000ec580000)
  to   space 1024K, 0% used [0x00000000ec580000,0x00000000ec580000,0x00000000ec680000)
 ParOldGen       total 68608K, used 15801K [0x00000000c0000000, 0x00000000c4300000, 0x00000000eab00000)
  object space 68608K, 23% used [0x00000000c0000000,0x00000000c0f6e7b0,0x00000000c4300000)
 Metaspace       used 39926K, committed 40768K, reserved 1114112K
  class space    used 4092K, committed 4416K, reserved 1048576K
}
Event: 11.420 GC heap before
{Heap before GC invocations=16 (full 2):
 PSYoungGen      total 23552K, used 22816K [0x00000000eab00000, 0x00000000ec680000, 0x0000000100000000)
  eden space 22016K, 100% used [0x00000000eab00000,0x00000000ec080000,0x00000000ec080000)
  from space 1536K, 52% used [0x00000000ec400000,0x00000000ec4c8000,0x00000000ec580000)
  to   space 1024K, 0% used [0x00000000ec580000,0x00000000ec580000,0x00000000ec680000)
 ParOldGen       total 68608K, used 15801K [0x00000000c0000000, 0x00000000c4300000, 0x00000000eab00000)
  object space 68608K, 23% used [0x00000000c0000000,0x00000000c0f6e7b0,0x00000000c4300000)
 Metaspace       used 42769K, committed 43584K, reserved 1114112K
  class space    used 4429K, committed 4736K, reserved 1048576K
}
Event: 11.424 GC heap after
{Heap after GC invocations=16 (full 2):
 PSYoungGen      total 23040K, used 1018K [0x00000000eab00000, 0x00000000ec680000, 0x0000000100000000)
  eden space 22016K, 0% used [0x00000000eab00000,0x00000000eab00000,0x00000000ec080000)
  from space 1024K, 99% used [0x00000000ec580000,0x00000000ec67e8a8,0x00000000ec680000)
  to   space 2560K, 0% used [0x00000000ec180000,0x00000000ec180000,0x00000000ec400000)
 ParOldGen       total 68608K, used 16742K [0x00000000c0000000, 0x00000000c4300000, 0x00000000eab00000)
  object space 68608K, 24% used [0x00000000c0000000,0x00000000c1059838,0x00000000c4300000)
 Metaspace       used 42769K, committed 43584K, reserved 1114112K
  class space    used 4429K, committed 4736K, reserved 1048576K
}
Event: 12.059 GC heap before
{Heap before GC invocations=17 (full 2):
 PSYoungGen      total 23040K, used 23034K [0x00000000eab00000, 0x00000000ec680000, 0x0000000100000000)
  eden space 22016K, 100% used [0x00000000eab00000,0x00000000ec080000,0x00000000ec080000)
  from space 1024K, 99% used [0x00000000ec580000,0x00000000ec67e8a8,0x00000000ec680000)
  to   space 2560K, 0% used [0x00000000ec180000,0x00000000ec180000,0x00000000ec400000)
 ParOldGen       total 68608K, used 16742K [0x00000000c0000000, 0x00000000c4300000, 0x00000000eab00000)
  object space 68608K, 24% used [0x00000000c0000000,0x00000000c1059838,0x00000000c4300000)
 Metaspace       used 45404K, committed 46336K, reserved 1114112K
  class space    used 4775K, committed 5184K, reserved 1048576K
}
Event: 12.062 GC heap after
{Heap after GC invocations=17 (full 2):
 PSYoungGen      total 24576K, used 960K [0x00000000eab00000, 0x00000000ec600000, 0x0000000100000000)
  eden space 22016K, 0% used [0x00000000eab00000,0x00000000eab00000,0x00000000ec080000)
  from space 2560K, 37% used [0x00000000ec180000,0x00000000ec270000,0x00000000ec400000)
  to   space 1536K, 0% used [0x00000000ec480000,0x00000000ec480000,0x00000000ec600000)
 ParOldGen       total 68608K, used 17750K [0x00000000c0000000, 0x00000000c4300000, 0x00000000eab00000)
  object space 68608K, 25% used [0x00000000c0000000,0x00000000c1155a80,0x00000000c4300000)
 Metaspace       used 45404K, committed 46336K, reserved 1114112K
  class space    used 4775K, committed 5184K, reserved 1048576K
}
Event: 12.784 GC heap before
{Heap before GC invocations=18 (full 2):
 PSYoungGen      total 24576K, used 22976K [0x00000000eab00000, 0x00000000ec600000, 0x0000000100000000)
  eden space 22016K, 100% used [0x00000000eab00000,0x00000000ec080000,0x00000000ec080000)
  from space 2560K, 37% used [0x00000000ec180000,0x00000000ec270000,0x00000000ec400000)
  to   space 1536K, 0% used [0x00000000ec480000,0x00000000ec480000,0x00000000ec600000)
 ParOldGen       total 68608K, used 17750K [0x00000000c0000000, 0x00000000c4300000, 0x00000000eab00000)
  object space 68608K, 25% used [0x00000000c0000000,0x00000000c1155a80,0x00000000c4300000)
 Metaspace       used 47651K, committed 48640K, reserved 1114112K
  class space    used 5052K, committed 5504K, reserved 1048576K
}
Event: 12.788 GC heap after
{Heap after GC invocations=18 (full 2):
 PSYoungGen      total 23040K, used 864K [0x00000000eab00000, 0x00000000ec580000, 0x0000000100000000)
  eden space 22016K, 0% used [0x00000000eab00000,0x00000000eab00000,0x00000000ec080000)
  from space 1024K, 84% used [0x00000000ec480000,0x00000000ec558000,0x00000000ec580000)
  to   space 1024K, 0% used [0x00000000ec380000,0x00000000ec380000,0x00000000ec480000)
 ParOldGen       total 68608K, used 18683K [0x00000000c0000000, 0x00000000c4300000, 0x00000000eab00000)
  object space 68608K, 27% used [0x00000000c0000000,0x00000000c123efd0,0x00000000c4300000)
 Metaspace       used 47651K, committed 48640K, reserved 1114112K
  class space    used 5052K, committed 5504K, reserved 1048576K
}
Event: 20.294 GC heap before
{Heap before GC invocations=19 (full 2):
 PSYoungGen      total 23040K, used 22878K [0x00000000eab00000, 0x00000000ec580000, 0x0000000100000000)
  eden space 22016K, 99% used [0x00000000eab00000,0x00000000ec07f8f8,0x00000000ec080000)
  from space 1024K, 84% used [0x00000000ec480000,0x00000000ec558000,0x00000000ec580000)
  to   space 1024K, 0% used [0x00000000ec380000,0x00000000ec380000,0x00000000ec480000)
 ParOldGen       total 68608K, used 18683K [0x00000000c0000000, 0x00000000c4300000, 0x00000000eab00000)
  object space 68608K, 27% used [0x00000000c0000000,0x00000000c123efd0,0x00000000c4300000)
 Metaspace       used 50419K, committed 51392K, reserved 1114112K
  class space    used 5406K, committed 5824K, reserved 1048576K
}
Event: 20.298 GC heap after
{Heap after GC invocations=19 (full 2):
 PSYoungGen      total 23040K, used 1014K [0x00000000eab00000, 0x00000000ec580000, 0x0000000100000000)
  eden space 22016K, 0% used [0x00000000eab00000,0x00000000eab00000,0x00000000ec080000)
  from space 1024K, 99% used [0x00000000ec380000,0x00000000ec47dbd8,0x00000000ec480000)
  to   space 1024K, 0% used [0x00000000ec480000,0x00000000ec480000,0x00000000ec580000)
 ParOldGen       total 68608K, used 19910K [0x00000000c0000000, 0x00000000c4300000, 0x00000000eab00000)
  object space 68608K, 29% used [0x00000000c0000000,0x00000000c1371880,0x00000000c4300000)
 Metaspace       used 50419K, committed 51392K, reserved 1114112K
  class space    used 5406K, committed 5824K, reserved 1048576K
}

