# JRE version: OpenJDK Runtime Environment Temurin-17.0.11+9 (17.0.11+9) (build 17.0.11+9)
# Java VM: OpenJDK 64-Bit Server VM Temurin-17.0.11+9 (17.0.11+9, mixed mode, emulated-client, tiered, compressed oops, compressed class ptrs, g1 gc, windows-amd64)
GC Precious Log:
 CPUs: 4 total, 4 available
 Memory: 15783M
 Large Page Support: Disabled
 NUMA Support: Disabled
 Compressed Oops: Enabled (32-bit)
 Heap Region Size: 1M
 Heap Min Capacity: 8M
 Heap Initial Capacity: 248M
 Heap Max Capacity: 1G
 Pre-touch: Disabled
 Parallel Workers: 4
 Concurrent Workers: 1
 Concurrent Refinement Workers: 4
 Periodic GC: Disabled
Heap:
 garbage-first heap   total 106496K, used 40244K [0x00000000c0000000, 0x0000000100000000)
  region size 1024K, 1 young (1024K), 0 survivors (0K)
 Metaspace       used 60175K, committed 60672K, reserved 1114112K
  class space    used 7500K, committed 7744K, reserved 1048576K
GC Heap History (20 events):
Event: 893.981 GC heap before
{Heap before GC invocations=86 (full 37):
 garbage-first heap   total 106496K, used 86988K [0x00000000c0000000, 0x0000000100000000)
  region size 1024K, 47 young (48128K), 2 survivors (2048K)
 Metaspace       used 60179K, committed 60672K, reserved 1114112K
  class space    used 7503K, committed 7744K, reserved 1048576K
}
Event: 893.985 GC heap after
{Heap after GC invocations=87 (full 37):
 garbage-first heap   total 106496K, used 43192K [0x00000000c0000000, 0x0000000100000000)
  region size 1024K, 4 young (4096K), 4 survivors (4096K)
 Metaspace       used 60179K, committed 60672K, reserved 1114112K
  class space    used 7503K, committed 7744K, reserved 1048576K
}
Event: 899.405 GC heap before
{Heap before GC invocations=87 (full 37):
 garbage-first heap   total 106496K, used 86200K [0x00000000c0000000, 0x0000000100000000)
  region size 1024K, 46 young (47104K), 4 survivors (4096K)
 Metaspace       used 60180K, committed 60672K, reserved 1114112K
  class space    used 7503K, committed 7744K, reserved 1048576K
}
Event: 899.408 GC heap after
{Heap after GC invocations=88 (full 37):
 garbage-first heap   total 106496K, used 42610K [0x00000000c0000000, 0x0000000100000000)
  region size 1024K, 3 young (3072K), 3 survivors (3072K)
 Metaspace       used 60180K, committed 60672K, reserved 1114112K
  class space    used 7503K, committed 7744K, reserved 1048576K
}
Event: 902.001 GC heap before
{Heap before GC invocations=88 (full 37):
 garbage-first heap   total 106496K, used 86642K [0x00000000c0000000, 0x0000000100000000)
  region size 1024K, 46 young (47104K), 3 survivors (3072K)
 Metaspace       used 60184K, committed 60672K, reserved 1114112K
  class space    used 7504K, committed 7744K, reserved 1048576K
}
Event: 902.004 GC heap after
{Heap after GC invocations=89 (full 37):
 garbage-first heap   total 106496K, used 42778K [0x00000000c0000000, 0x0000000100000000)
  region size 1024K, 3 young (3072K), 3 survivors (3072K)
 Metaspace       used 60184K, committed 60672K, reserved 1114112K
  class space    used 7504K, committed 7744K, reserved 1048576K
}
Event: 915.390 GC heap before
{Heap before GC invocations=89 (full 37):
 garbage-first heap   total 106496K, used 86810K [0x00000000c0000000, 0x0000000100000000)
  region size 1024K, 46 young (47104K), 3 survivors (3072K)
 Metaspace       used 60184K, committed 60672K, reserved 1114112K
  class space    used 7504K, committed 7744K, reserved 1048576K
}
Event: 915.395 GC heap after
{Heap after GC invocations=90 (full 37):
 garbage-first heap   total 106496K, used 44489K [0x00000000c0000000, 0x0000000100000000)
  region size 1024K, 5 young (5120K), 5 survivors (5120K)
 Metaspace       used 60184K, committed 60672K, reserved 1114112K
  class space    used 7504K, committed 7744K, reserved 1048576K
}
Event: 916.921 GC heap before
{Heap before GC invocations=90 (full 37):
 garbage-first heap   total 106496K, used 84425K [0x00000000c0000000, 0x0000000100000000)
  region size 1024K, 44 young (45056K), 5 survivors (5120K)
 Metaspace       used 60184K, committed 60672K, reserved 1114112K
  class space    used 7504K, committed 7744K, reserved 1048576K
}
Event: 916.924 GC heap after
{Heap after GC invocations=91 (full 37):
 garbage-first heap   total 106496K, used 43545K [0x00000000c0000000, 0x0000000100000000)
  region size 1024K, 3 young (3072K), 3 survivors (3072K)
 Metaspace       used 60184K, committed 60672K, reserved 1114112K
  class space    used 7504K, committed 7744K, reserved 1048576K
}
Event: 920.129 GC heap before
{Heap before GC invocations=91 (full 37):
 garbage-first heap   total 106496K, used 85529K [0x00000000c0000000, 0x0000000100000000)
  region size 1024K, 44 young (45056K), 3 survivors (3072K)
 Metaspace       used 60184K, committed 60672K, reserved 1114112K
  class space    used 7504K, committed 7744K, reserved 1048576K
}
Event: 920.129 GC heap after
{Heap after GC invocations=92 (full 37):
 garbage-first heap   total 106496K, used 41186K [0x00000000c0000000, 0x0000000100000000)
  region size 1024K, 1 young (1024K), 1 survivors (1024K)
 Metaspace       used 60184K, committed 60672K, reserved 1114112K
  class space    used 7504K, committed 7744K, reserved 1048576K
}
Event: 922.861 GC heap before
{Heap before GC invocations=92 (full 37):
 garbage-first heap   total 106496K, used 85218K [0x00000000c0000000, 0x0000000100000000)
  region size 1024K, 45 young (46080K), 1 survivors (1024K)
 Metaspace       used 60184K, committed 60672K, reserved 1114112K
  class space    used 7504K, committed 7744K, reserved 1048576K
}
Event: 922.863 GC heap after
{Heap after GC invocations=93 (full 37):
 garbage-first heap   total 106496K, used 41716K [0x00000000c0000000, 0x0000000100000000)
  region size 1024K, 2 young (2048K), 2 survivors (2048K)
 Metaspace       used 60184K, committed 60672K, reserved 1114112K
  class space    used 7504K, committed 7744K, reserved 1048576K
}
Event: 930.535 GC heap before
{Heap before GC invocations=93 (full 37):
 garbage-first heap   total 106496K, used 86772K [0x00000000c0000000, 0x0000000100000000)
  region size 1024K, 46 young (47104K), 2 survivors (2048K)
 Metaspace       used 60184K, committed 60672K, reserved 1114112K
  class space    used 7504K, committed 7744K, reserved 1048576K
}
Event: 930.537 GC heap after
{Heap after GC invocations=94 (full 37):
 garbage-first heap   total 106496K, used 42221K [0x00000000c0000000, 0x0000000100000000)
  region size 1024K, 2 young (2048K), 2 survivors (2048K)
 Metaspace       used 60184K, committed 60672K, reserved 1114112K
  class space    used 7504K, committed 7744K, reserved 1048576K
}
Event: 935.426 GC heap before
{Heap before GC invocations=94 (full 37):
 garbage-first heap   total 106496K, used 87277K [0x00000000c0000000, 0x0000000100000000)
  region size 1024K, 46 young (47104K), 2 survivors (2048K)
 Metaspace       used 60185K, committed 60672K, reserved 1114112K
  class space    used 7504K, committed 7744K, reserved 1048576K
}
Event: 935.428 GC heap after
{Heap after GC invocations=95 (full 37):
 garbage-first heap   total 106496K, used 42576K [0x00000000c0000000, 0x0000000100000000)
  region size 1024K, 2 young (2048K), 2 survivors (2048K)
 Metaspace       used 60185K, committed 60672K, reserved 1114112K
  class space    used 7504K, committed 7744K, reserved 1048576K
}
Event: 1143.065 GC heap before
{Heap before GC invocations=95 (full 37):
 garbage-first heap   total 106496K, used 84560K [0x00000000c0000000, 0x0000000100000000)
  region size 1024K, 44 young (45056K), 2 survivors (2048K)
 Metaspace       used 60188K, committed 60672K, reserved 1114112K
  class space    used 7504K, committed 7744K, reserved 1048576K
}
Event: 1143.120 GC heap after
{Heap after GC invocations=96 (full 38):
 garbage-first heap   total 106496K, used 40244K [0x00000000c0000000, 0x0000000100000000)
  region size 1024K, 0 young (0K), 0 survivors (0K)
 Metaspace       used 60175K, committed 60672K, reserved 1114112K
  class space    used 7500K, committed 7744K, reserved 1048576K
}

